<?xml version="1.0" encoding="UTF-8"?>
<!-- Generated by org.testng.reporters.JUnitXMLReporter -->
<testsuite hostname="Tringappss-MacBook-Pro-2.local" ignored="0" name="Test" tests="1" failures="1" timestamp="2020-01-24T12:56:03 IST" time="28.783" errors="0">
  <testcase name="testSikuli" time="23.8" classname="com.test.IHTC.testCases.Signup1">
    <failure type="org.sikuli.script.FindFailed" message="can not find P(/Users/tringapps/Downloads/workspace/com.Test.IHTC/TestInputData/Open.PNG) S: 0.7 in S(0)[0,0 1280x800]">
      <![CDATA[FindFailed: can not find P(/Users/tringapps/Downloads/workspace/com.Test.IHTC/TestInputData/Open.PNG) S: 0.7 in S(0)[0,0 1280x800]
  Line 2189, in file Region.java

at org.sikuli.script.Region.handleFindFailedShowDialog(Region.java:2189)
at org.sikuli.script.Region.handleFindFailed(Region.java:2134)
at org.sikuli.script.Region.wait(Region.java:2546)
at org.sikuli.script.Region.find(Region.java:2205)
at org.sikuli.script.Region.getLocationFromTarget(Region.java:3067)
at org.sikuli.script.Region.click(Region.java:3534)
at org.sikuli.script.Region.click(Region.java:3519)
at com.test.IHTC.testCases.Signup1.testSikuli(Signup1.java:137)
at java.util.ArrayList.forEach(ArrayList.java:1257)
... Removed 27 stack frames]]>
    </failure>
  </testcase> <!-- testSikuli -->
</testsuite> <!-- Test -->
