<?xml version="1.0" encoding="UTF-8"?>
<testng-results skipped="0" failed="1" ignored="0" total="1" passed="0">
  <reporter-output>
  </reporter-output>
  <suite name="Suite" duration-ms="28783" started-at="2020-01-24T12:55:34 IST" finished-at="2020-01-24T12:56:02 IST">
    <groups>
    </groups>
    <test name="Test" duration-ms="28783" started-at="2020-01-24T12:55:34 IST" finished-at="2020-01-24T12:56:02 IST">
      <class name="com.test.IHTC.testCases.Signup1">
        <test-method status="PASS" signature="beforeSuite()[pri:0, instance:com.test.IHTC.testCases.Signup1@4d50efb8]" name="beforeSuite" is-config="true" duration-ms="177" started-at="2020-01-24T12:55:33 IST" finished-at="2020-01-24T12:55:34 IST">
          <reporter-output>
          </reporter-output>
        </test-method> <!-- beforeSuite -->
        <test-method status="PASS" signature="setValues()[pri:0, instance:com.test.IHTC.testCases.Signup1@4d50efb8]" name="setValues" is-config="true" duration-ms="0" started-at="2020-01-24T12:55:34 IST" finished-at="2020-01-24T12:55:34 IST">
          <reporter-output>
          </reporter-output>
        </test-method> <!-- setValues -->
        <test-method status="PASS" signature="browserSetup(java.lang.String)[pri:0, instance:com.test.IHTC.testCases.Signup1@4d50efb8]" name="browserSetup" is-config="true" duration-ms="4594" started-at="2020-01-24T12:55:34 IST" finished-at="2020-01-24T12:55:38 IST">
          <params>
            <param index="0">
              <value>
                <![CDATA[chrome]]>
              </value>
            </param>
          </params>
          <reporter-output>
          </reporter-output>
        </test-method> <!-- browserSetup -->
        <test-method status="PASS" signature="beforeMethod()[pri:0, instance:com.test.IHTC.testCases.Signup1@4d50efb8]" name="beforeMethod" is-config="true" duration-ms="7" started-at="2020-01-24T12:55:38 IST" finished-at="2020-01-24T12:55:38 IST">
          <reporter-output>
          </reporter-output>
        </test-method> <!-- beforeMethod -->
        <test-method status="FAIL" signature="testSikuli()[pri:0, instance:com.test.IHTC.testCases.Signup1@4d50efb8]" name="testSikuli" duration-ms="23800" started-at="2020-01-24T12:55:38 IST" finished-at="2020-01-24T12:56:02 IST">
          <exception class="org.sikuli.script.FindFailed">
            <message>
              <![CDATA[can not find P(/Users/tringapps/Downloads/workspace/com.Test.IHTC/TestInputData/Open.PNG) S: 0.7 in S(0)[0,0 1280x800]]]>
            </message>
            <full-stacktrace>
              <![CDATA[FindFailed: can not find P(/Users/tringapps/Downloads/workspace/com.Test.IHTC/TestInputData/Open.PNG) S: 0.7 in S(0)[0,0 1280x800]
  Line 2189, in file Region.java

at org.sikuli.script.Region.handleFindFailedShowDialog(Region.java:2189)
at org.sikuli.script.Region.handleFindFailed(Region.java:2134)
at org.sikuli.script.Region.wait(Region.java:2546)
at org.sikuli.script.Region.find(Region.java:2205)
at org.sikuli.script.Region.getLocationFromTarget(Region.java:3067)
at org.sikuli.script.Region.click(Region.java:3534)
at org.sikuli.script.Region.click(Region.java:3519)
at com.test.IHTC.testCases.Signup1.testSikuli(Signup1.java:137)
at sun.reflect.NativeMethodAccessorImpl.invoke0(Native Method)
at sun.reflect.NativeMethodAccessorImpl.invoke(NativeMethodAccessorImpl.java:62)
at sun.reflect.DelegatingMethodAccessorImpl.invoke(DelegatingMethodAccessorImpl.java:43)
at java.lang.reflect.Method.invoke(Method.java:498)
at org.testng.internal.MethodInvocationHelper.invokeMethod(MethodInvocationHelper.java:133)
at org.testng.internal.TestInvoker.invokeMethod(TestInvoker.java:584)
at org.testng.internal.TestInvoker.invokeTestMethod(TestInvoker.java:172)
at org.testng.internal.MethodRunner.runInSequence(MethodRunner.java:46)
at org.testng.internal.TestInvoker$MethodInvocationAgent.invoke(TestInvoker.java:804)
at org.testng.internal.TestInvoker.invokeTestMethods(TestInvoker.java:145)
at org.testng.internal.TestMethodWorker.invokeTestMethods(TestMethodWorker.java:146)
at org.testng.internal.TestMethodWorker.run(TestMethodWorker.java:128)
at java.util.ArrayList.forEach(ArrayList.java:1257)
at org.testng.TestRunner.privateRun(TestRunner.java:770)
at org.testng.TestRunner.run(TestRunner.java:591)
at org.testng.SuiteRunner.runTest(SuiteRunner.java:402)
at org.testng.SuiteRunner.runSequentially(SuiteRunner.java:396)
at org.testng.SuiteRunner.privateRun(SuiteRunner.java:355)
at org.testng.SuiteRunner.run(SuiteRunner.java:304)
at org.testng.SuiteRunnerWorker.runSuite(SuiteRunnerWorker.java:53)
at org.testng.SuiteRunnerWorker.run(SuiteRunnerWorker.java:96)
at org.testng.TestNG.runSuitesSequentially(TestNG.java:1180)
at org.testng.TestNG.runSuitesLocally(TestNG.java:1102)
at org.testng.TestNG.runSuites(TestNG.java:1032)
at org.testng.TestNG.run(TestNG.java:1000)
at org.testng.remote.AbstractRemoteTestNG.run(AbstractRemoteTestNG.java:115)
at org.testng.remote.RemoteTestNG.initAndRun(RemoteTestNG.java:251)
at org.testng.remote.RemoteTestNG.main(RemoteTestNG.java:77)
]]>
            </full-stacktrace>
          </exception> <!-- org.sikuli.script.FindFailed -->
          <reporter-output>
          </reporter-output>
        </test-method> <!-- testSikuli -->
        <test-method status="PASS" signature="afterMethod()[pri:0, instance:com.test.IHTC.testCases.Signup1@4d50efb8]" name="afterMethod" is-config="true" duration-ms="345" started-at="2020-01-24T12:56:02 IST" finished-at="2020-01-24T12:56:02 IST">
          <reporter-output>
          </reporter-output>
        </test-method> <!-- afterMethod -->
      </class> <!-- com.test.IHTC.testCases.Signup1 -->
    </test> <!-- Test -->
  </suite> <!-- Suite -->
</testng-results>
